<?xml version="1.0" encoding="UTF-8"?>
<testng-results skipped="0" failed="0" ignored="0" total="1" passed="1">
  <reporter-output>
  </reporter-output>
  <suite name="WebDriver" duration-ms="5643" started-at="2019-11-04T15:10:31 AEDT" finished-at="2019-11-04T15:10:36 AEDT">
    <groups>
    </groups>
    <test name="Test" duration-ms="5643" started-at="2019-11-04T15:10:31 AEDT" finished-at="2019-11-04T15:10:36 AEDT">
      <class name="TestNG.seltest1">
        <test-method status="PASS" signature="launch()[pri:0, instance:TestNG.seltest1@551aa95a]" name="launch" is-config="true" duration-ms="5035" started-at="2019-11-04T15:10:31 AEDT" finished-at="2019-11-04T15:10:36 AEDT">
          <reporter-output>
          </reporter-output>
        </test-method> <!-- launch -->
        <test-method status="PASS" signature="verifylogin()[pri:0, instance:TestNG.seltest1@551aa95a]" name="verifylogin" duration-ms="504" started-at="2019-11-04T15:10:36 AEDT" finished-at="2019-11-04T15:10:36 AEDT">
          <reporter-output>
          </reporter-output>
        </test-method> <!-- verifylogin -->
        <test-method status="PASS" signature="close()[pri:0, instance:TestNG.seltest1@551aa95a]" name="close" is-config="true" duration-ms="64" started-at="2019-11-04T15:10:36 AEDT" finished-at="2019-11-04T15:10:36 AEDT">
          <reporter-output>
          </reporter-output>
        </test-method> <!-- close -->
      </class> <!-- TestNG.seltest1 -->
    </test> <!-- Test -->
  </suite> <!-- WebDriver -->
</testng-results>
